<?xml version="1.0" encoding="UTF-8"?>
<!-- Generated by org.testng.reporters.JUnitXMLReporter -->
<testsuite hostname="LAPTOP-CQ9M7OCI" ignored="0" name="Dollar Days Test" tests="4" failures="0" timestamp="22 Dec 2020 22:11:37 GMT" time="136.055" errors="0">
  <testcase name="invokeMyProfile" time="20.653" classname="com.dollardays.testcases.MyProfileTestcase"/>
  <testcase name="invokeMyProfile1" time="20.523" classname="com.dollardays.testcases.MyProfileTestcase"/>
  <testcase name="invokeMyProfile2" time="21.772" classname="com.dollardays.testcases.MyProfileTestcase"/>
  <testcase name="invokeMyProfile3" time="19.797" classname="com.dollardays.testcases.MyProfileTestcase"/>
</testsuite> <!-- Dollar Days Test -->
