<?xml version="1.0" encoding="UTF-8"?>
<!-- Generated by org.testng.reporters.JUnitXMLReporter -->
<testsuite hostname="LAPTOP-CQ9M7OCI" ignored="0" name="Dollar Days Test" tests="4" failures="0" timestamp="14 Dec 2020 19:56:18 GMT" time="86.641" errors="0">
  <testcase name="invokeCreate" time="11.951" classname="com.dollardays.testcases.CreateTestcase"/>
  <testcase name="invokeCreate1" time="6.47" classname="com.dollardays.testcases.CreateTestcase"/>
  <testcase name="invokeCreate2" time="7.678" classname="com.dollardays.testcases.CreateTestcase"/>
  <testcase name="invokeCreate3" time="6.949" classname="com.dollardays.testcases.CreateTestcase"/>
</testsuite> <!-- Dollar Days Test -->
