<?xml version="1.0" encoding="UTF-8"?>
<!-- Generated by org.testng.reporters.JUnitXMLReporter -->
<testsuite hostname="LAPTOP-CQ9M7OCI" ignored="0" name="Dollar Days Test" tests="12" failures="0" timestamp="22 Dec 2020 20:37:57 GMT" time="241.287" errors="0">
  <testcase name="invokeCreate" time="7.811" classname="com.dollardays.testcases.CreateTestcase"/>
  <testcase name="invokeCreate1" time="7.249" classname="com.dollardays.testcases.CreateTestcase"/>
  <testcase name="invokeCreate2" time="8.162" classname="com.dollardays.testcases.CreateTestcase"/>
  <testcase name="invokeCreate3" time="16.886" classname="com.dollardays.testcases.CreateTestcase"/>
  <testcase name="invokeSignIn" time="9.405" classname="com.dollardays.testcases.SignInTestcase"/>
  <testcase name="invokeSignIn1" time="5.4" classname="com.dollardays.testcases.SignInTestcase"/>
  <testcase name="invokeSignIn2" time="4.935" classname="com.dollardays.testcases.SignInTestcase"/>
  <testcase name="invokeSignIn3" time="6.017" classname="com.dollardays.testcases.SignInTestcase"/>
  <testcase name="invokeSignIn5" time="6.511" classname="com.dollardays.testcases.SignInTestcase"/>
  <testcase name="invokeSignIn6" time="10.153" classname="com.dollardays.testcases.SignInTestcase"/>
  <testcase name="invokeSignIn7" time="6.65" classname="com.dollardays.testcases.SignInTestcase"/>
  <testcase name="AddressBook" time="40.517" classname="com.dollardays.testcases.AddressBookTestcase"/>
</testsuite> <!-- Dollar Days Test -->
