<?xml version="1.0" encoding="UTF-8"?>
<!-- Generated by org.testng.reporters.JUnitXMLReporter -->
<testsuite hostname="LAPTOP-CQ9M7OCI" ignored="0" name="Dollar Days Test" tests="12" failures="0" timestamp="22 Dec 2020 22:09:20 GMT" time="267.037" errors="0">
  <testcase name="invokeCreate" time="13.61" classname="com.dollardays.testcases.CreateTestcase"/>
  <testcase name="invokeCreate1" time="7.328" classname="com.dollardays.testcases.CreateTestcase"/>
  <testcase name="invokeCreate2" time="21.116" classname="com.dollardays.testcases.CreateTestcase"/>
  <testcase name="invokeCreate3" time="8.036" classname="com.dollardays.testcases.CreateTestcase"/>
  <testcase name="invokeSignIn" time="29.776" classname="com.dollardays.testcases.SignInTestcase"/>
  <testcase name="invokeSignIn1" time="16.826" classname="com.dollardays.testcases.SignInTestcase"/>
  <testcase name="invokeSignIn2" time="9.35" classname="com.dollardays.testcases.SignInTestcase"/>
  <testcase name="invokeSignIn3" time="6.075" classname="com.dollardays.testcases.SignInTestcase"/>
  <testcase name="invokeSignIn5" time="6.975" classname="com.dollardays.testcases.SignInTestcase"/>
  <testcase name="invokeSignIn6" time="9.777" classname="com.dollardays.testcases.SignInTestcase"/>
  <testcase name="invokeSignIn7" time="7.36" classname="com.dollardays.testcases.SignInTestcase"/>
  <testcase name="AddressBook" time="17.613" classname="com.dollardays.testcases.AddressBookTestcase"/>
</testsuite> <!-- Dollar Days Test -->
